C:\USERS\JOE\DOCUMENTS\VISUAL STUDIO 2010\PROJECTS\ORCS_N_ELVES\DEBUG\ORCS_N_ELVES.EXE
C:\USERS\JOE\DOCUMENTS\VISUAL STUDIO 2010\PROJECTS\ORCS_N_ELVES\DEBUG\ORCS_N_ELVES.ILK
C:\USERS\JOE\DOCUMENTS\VISUAL STUDIO 2010\PROJECTS\ORCS_N_ELVES\DEBUG\ORCS_N_ELVES.PDB
C:\USERS\JOE\DOCUMENTS\VISUAL STUDIO 2010\PROJECTS\ORCS_N_ELVES\ORCS_N_ELVES\DEBUG\A0_1.OBJ
C:\USERS\JOE\DOCUMENTS\VISUAL STUDIO 2010\PROJECTS\ORCS_N_ELVES\ORCS_N_ELVES\DEBUG\BATTLE.OBJ
C:\USERS\JOE\DOCUMENTS\VISUAL STUDIO 2010\PROJECTS\ORCS_N_ELVES\ORCS_N_ELVES\DEBUG\BEGINNINGSCENE.OBJ
C:\Users\Joe\documents\visual studio 2010\Projects\Orcs_n_Elves\Orcs_n_Elves\Debug\cl.command.1.tlog
C:\Users\Joe\documents\visual studio 2010\Projects\Orcs_n_Elves\Orcs_n_Elves\Debug\CL.read.1.tlog
C:\Users\Joe\documents\visual studio 2010\Projects\Orcs_n_Elves\Orcs_n_Elves\Debug\CL.write.1.tlog
C:\USERS\JOE\DOCUMENTS\VISUAL STUDIO 2010\PROJECTS\ORCS_N_ELVES\ORCS_N_ELVES\DEBUG\GAMELOOP.OBJ
C:\Users\Joe\documents\visual studio 2010\Projects\Orcs_n_Elves\Orcs_n_Elves\Debug\link.1160.read.1.tlog
C:\Users\Joe\documents\visual studio 2010\Projects\Orcs_n_Elves\Orcs_n_Elves\Debug\link.1160.write.1.tlog
C:\Users\Joe\documents\visual studio 2010\Projects\Orcs_n_Elves\Orcs_n_Elves\Debug\link.1160-cvtres.read.1.tlog
C:\Users\Joe\documents\visual studio 2010\Projects\Orcs_n_Elves\Orcs_n_Elves\Debug\link.1160-cvtres.write.1.tlog
C:\Users\Joe\documents\visual studio 2010\Projects\Orcs_n_Elves\Orcs_n_Elves\Debug\link.3144.read.1.tlog
C:\Users\Joe\documents\visual studio 2010\Projects\Orcs_n_Elves\Orcs_n_Elves\Debug\link.3144.write.1.tlog
C:\Users\Joe\documents\visual studio 2010\Projects\Orcs_n_Elves\Orcs_n_Elves\Debug\link.3144-cvtres.read.1.tlog
C:\Users\Joe\documents\visual studio 2010\Projects\Orcs_n_Elves\Orcs_n_Elves\Debug\link.3144-cvtres.write.1.tlog
C:\Users\Joe\documents\visual studio 2010\Projects\Orcs_n_Elves\Orcs_n_Elves\Debug\link.3720.read.1.tlog
C:\Users\Joe\documents\visual studio 2010\Projects\Orcs_n_Elves\Orcs_n_Elves\Debug\link.3720.write.1.tlog
C:\Users\Joe\documents\visual studio 2010\Projects\Orcs_n_Elves\Orcs_n_Elves\Debug\link.3720-cvtres.read.1.tlog
C:\Users\Joe\documents\visual studio 2010\Projects\Orcs_n_Elves\Orcs_n_Elves\Debug\link.3720-cvtres.write.1.tlog
C:\Users\Joe\documents\visual studio 2010\Projects\Orcs_n_Elves\Orcs_n_Elves\Debug\link.4980.read.1.tlog
C:\Users\Joe\documents\visual studio 2010\Projects\Orcs_n_Elves\Orcs_n_Elves\Debug\link.4980.write.1.tlog
C:\Users\Joe\documents\visual studio 2010\Projects\Orcs_n_Elves\Orcs_n_Elves\Debug\link.4980-cvtres.read.1.tlog
C:\Users\Joe\documents\visual studio 2010\Projects\Orcs_n_Elves\Orcs_n_Elves\Debug\link.4980-cvtres.write.1.tlog
C:\Users\Joe\documents\visual studio 2010\Projects\Orcs_n_Elves\Orcs_n_Elves\Debug\link.command.1.tlog
C:\Users\Joe\documents\visual studio 2010\Projects\Orcs_n_Elves\Orcs_n_Elves\Debug\link.read.1.tlog
C:\Users\Joe\documents\visual studio 2010\Projects\Orcs_n_Elves\Orcs_n_Elves\Debug\link.write.1.tlog
C:\Users\Joe\documents\visual studio 2010\Projects\Orcs_n_Elves\Orcs_n_Elves\Debug\link-cvtres.read.1.tlog
C:\Users\Joe\documents\visual studio 2010\Projects\Orcs_n_Elves\Orcs_n_Elves\Debug\link-cvtres.write.1.tlog
C:\Users\Joe\documents\visual studio 2010\Projects\Orcs_n_Elves\Orcs_n_Elves\Debug\mt.command.1.tlog
C:\Users\Joe\documents\visual studio 2010\Projects\Orcs_n_Elves\Orcs_n_Elves\Debug\mt.read.1.tlog
C:\Users\Joe\documents\visual studio 2010\Projects\Orcs_n_Elves\Orcs_n_Elves\Debug\mt.write.1.tlog
C:\USERS\JOE\DOCUMENTS\VISUAL STUDIO 2010\PROJECTS\ORCS_N_ELVES\ORCS_N_ELVES\DEBUG\ORC.OBJ
C:\USERS\JOE\DOCUMENTS\VISUAL STUDIO 2010\PROJECTS\ORCS_N_ELVES\ORCS_N_ELVES\DEBUG\ORCFACTORY.OBJ
C:\USERS\JOE\DOCUMENTS\VISUAL STUDIO 2010\PROJECTS\ORCS_N_ELVES\ORCS_N_ELVES\DEBUG\ORCS_N_ELVES.EXE.EMBED.MANIFEST
C:\USERS\JOE\DOCUMENTS\VISUAL STUDIO 2010\PROJECTS\ORCS_N_ELVES\ORCS_N_ELVES\DEBUG\ORCS_N_ELVES.EXE.EMBED.MANIFEST.RES
C:\USERS\JOE\DOCUMENTS\VISUAL STUDIO 2010\PROJECTS\ORCS_N_ELVES\ORCS_N_ELVES\DEBUG\ORCS_N_ELVES.EXE.INTERMEDIATE.MANIFEST
C:\Users\Joe\documents\visual studio 2010\Projects\Orcs_n_Elves\Orcs_n_Elves\Debug\Orcs_n_Elves_manifest.rc
C:\USERS\JOE\DOCUMENTS\VISUAL STUDIO 2010\PROJECTS\ORCS_N_ELVES\ORCS_N_ELVES\DEBUG\PLAYER.OBJ
C:\Users\Joe\documents\visual studio 2010\Projects\Orcs_n_Elves\Orcs_n_Elves\Debug\rc.command.1.tlog
C:\Users\Joe\documents\visual studio 2010\Projects\Orcs_n_Elves\Orcs_n_Elves\Debug\rc.read.1.tlog
C:\Users\Joe\documents\visual studio 2010\Projects\Orcs_n_Elves\Orcs_n_Elves\Debug\rc.write.1.tlog
C:\USERS\JOE\DOCUMENTS\VISUAL STUDIO 2010\PROJECTS\ORCS_N_ELVES\ORCS_N_ELVES\DEBUG\SCENE.OBJ
C:\USERS\JOE\DOCUMENTS\VISUAL STUDIO 2010\PROJECTS\ORCS_N_ELVES\ORCS_N_ELVES\DEBUG\SCENEMANAGER.OBJ
C:\USERS\JOE\DOCUMENTS\VISUAL STUDIO 2010\PROJECTS\ORCS_N_ELVES\ORCS_N_ELVES\DEBUG\STRINGPARSER.OBJ
C:\USERS\JOE\DOCUMENTS\VISUAL STUDIO 2010\PROJECTS\ORCS_N_ELVES\ORCS_N_ELVES\DEBUG\UNIT.OBJ
C:\Users\Joe\documents\visual studio 2010\Projects\Orcs_n_Elves\Orcs_n_Elves\Debug\vc100.idb
C:\USERS\JOE\DOCUMENTS\VISUAL STUDIO 2010\PROJECTS\ORCS_N_ELVES\ORCS_N_ELVES\DEBUG\VC100.PDB
